<?xml version="1.0" encoding="utf-8"?>
<test-run id="2" name="readonly-bytes.dll" fullname="C:/Users/thegr/Desktop/projects/С#/ulearn/PartTwo/Lists &amp; Dictionarys/readonly-bytes/bin/Debug/net6.0/readonly-bytes.dll" testcasecount="15" result="Passed" start-time="2023-03-15T17:57:10.0607033Z" end-time="2023-03-15T17:57:10.2481809Z" duration="0.187443" total="15" passed="15" failed="0" inconclusive="0" skipped="0" warnings="0" asserts="100036" random-seed="912114499">
  <command-line><![CDATA["C:\Users\thegr\Desktop\projects\С#\ulearn\PartTwo\Lists & Dictionarys\readonly-bytes\bin\Debug\net6.0\readonly-bytes.dll"]]></command-line>
  <filter />
  <test-suite type="Assembly" id="1017" name="readonly-bytes.dll" fullname="C:/Users/thegr/Desktop/projects/С#/ulearn/PartTwo/Lists &amp; Dictionarys/readonly-bytes/bin/Debug/net6.0/readonly-bytes.dll" runstate="Runnable" testcasecount="15" result="Passed" start-time="2023-03-15T17:57:10.0607033Z" end-time="2023-03-15T17:57:10.2481809Z" duration="0.187443" total="15" passed="15" failed="0" warnings="0" inconclusive="0" skipped="0" asserts="100036">
    <environment framework-version="3.13.3.0" clr-version="6.0.14" os-version="Microsoft Windows 10.0.19044" platform="Win32NT" cwd="C:\Users\thegr\Desktop\projects\С#\ulearn\PartTwo\Lists &amp; Dictionarys\readonly-bytes\bin\Debug\net6.0" machine-name="DESKTOP-5V5QSBL" user="thegr" user-domain="DESKTOP-5V5QSBL" culture="ru-RU" uiculture="ru-RU" os-architecture="x64" />
    <settings>
      <setting name="WorkDirectory" value="C:\Users\thegr\Desktop\projects\С#\ulearn\PartTwo\Lists &amp; Dictionarys\readonly-bytes\bin\Debug\net6.0" />
      <setting name="NumberOfTestWorkers" value="6" />
    </settings>
    <properties>
      <property name="_PID" value="10460" />
      <property name="_APPDOMAIN" value="readonly-bytes" />
    </properties>
    <test-suite type="TestSuite" id="1018" name="hashes" fullname="hashes" runstate="Runnable" testcasecount="15" result="Passed" start-time="2023-03-15T17:57:10.0649137Z" end-time="2023-03-15T17:57:10.2481770Z" duration="0.183263" total="15" passed="15" failed="0" warnings="0" inconclusive="0" skipped="0" asserts="100036">
      <test-suite type="TestFixture" id="1000" name="ReadonlyBytesTests" fullname="hashes.ReadonlyBytesTests" classname="hashes.ReadonlyBytesTests" runstate="Runnable" testcasecount="15" result="Passed" start-time="2023-03-15T17:57:10.0661544Z" end-time="2023-03-15T17:57:10.2481658Z" duration="0.182011" total="15" passed="15" failed="0" warnings="0" inconclusive="0" skipped="0" asserts="100036">
        <test-case id="1001" name="Creation" fullname="hashes.ReadonlyBytesTests.Creation" methodname="Creation" classname="hashes.ReadonlyBytesTests" runstate="Runnable" seed="1876593001" result="Passed" start-time="2023-03-15T17:57:10.0679689Z" end-time="2023-03-15T17:57:10.0707841Z" duration="0.002898" asserts="0" />
        <test-case id="1002" name="CreationException" fullname="hashes.ReadonlyBytesTests.CreationException" methodname="CreationException" classname="hashes.ReadonlyBytesTests" runstate="Runnable" seed="220659780" result="Passed" start-time="2023-03-15T17:57:10.0722803Z" end-time="2023-03-15T17:57:10.0797183Z" duration="0.007438" asserts="1" />
        <test-case id="1007" name="Enumeration" fullname="hashes.ReadonlyBytesTests.Enumeration" methodname="Enumeration" classname="hashes.ReadonlyBytesTests" runstate="Runnable" seed="1001935439" result="Passed" start-time="2023-03-15T17:57:10.0797462Z" end-time="2023-03-15T17:57:10.0890038Z" duration="0.009258" asserts="1" />
        <test-case id="1008" name="EqualOnSameBytes" fullname="hashes.ReadonlyBytesTests.EqualOnSameBytes" methodname="EqualOnSameBytes" classname="hashes.ReadonlyBytesTests" runstate="Runnable" seed="1263219845" result="Passed" start-time="2023-03-15T17:57:10.0890262Z" end-time="2023-03-15T17:57:10.0899527Z" duration="0.000927" asserts="4" />
        <test-case id="1014" name="HashCode" fullname="hashes.ReadonlyBytesTests.HashCode" methodname="HashCode" classname="hashes.ReadonlyBytesTests" runstate="Runnable" seed="1835669696" result="Passed" start-time="2023-03-15T17:57:10.0899659Z" end-time="2023-03-15T17:57:10.0926027Z" duration="0.002637" asserts="8" />
        <test-case id="1005" name="Indexer" fullname="hashes.ReadonlyBytesTests.Indexer" methodname="Indexer" classname="hashes.ReadonlyBytesTests" runstate="Runnable" seed="2108499499" result="Passed" start-time="2023-03-15T17:57:10.0926191Z" end-time="2023-03-15T17:57:10.0928351Z" duration="0.000216" asserts="3" />
        <test-case id="1006" name="IndexOutOfRangeException" fullname="hashes.ReadonlyBytesTests.IndexOutOfRangeException" methodname="IndexOutOfRangeException" classname="hashes.ReadonlyBytesTests" runstate="Runnable" seed="1022964503" result="Passed" start-time="2023-03-15T17:57:10.0928461Z" end-time="2023-03-15T17:57:10.0931376Z" duration="0.000292" asserts="1" />
        <test-case id="1003" name="Length" fullname="hashes.ReadonlyBytesTests.Length" methodname="Length" classname="hashes.ReadonlyBytesTests" runstate="Runnable" seed="1117343773" result="Passed" start-time="2023-03-15T17:57:10.0931490Z" end-time="2023-03-15T17:57:10.0932411Z" duration="0.000092" asserts="1" />
        <test-case id="1004" name="Length1" fullname="hashes.ReadonlyBytesTests.Length1" methodname="Length1" classname="hashes.ReadonlyBytesTests" runstate="Runnable" seed="174828705" result="Passed" start-time="2023-03-15T17:57:10.0932511Z" end-time="2023-03-15T17:57:10.0933477Z" duration="0.000097" asserts="1" />
        <test-case id="1016" name="MassiveCallToGetHashCodeOfLargeBytesArray" fullname="hashes.ReadonlyBytesTests.MassiveCallToGetHashCodeOfLargeBytesArray" methodname="MassiveCallToGetHashCodeOfLargeBytesArray" classname="hashes.ReadonlyBytesTests" runstate="Runnable" seed="303701184" result="Passed" start-time="2023-03-15T17:57:10.0933576Z" end-time="2023-03-15T17:57:10.2455470Z" duration="0.152190" asserts="100000" />
        <test-case id="1009" name="NotEqualIfBytesDiffer" fullname="hashes.ReadonlyBytesTests.NotEqualIfBytesDiffer" methodname="NotEqualIfBytesDiffer" classname="hashes.ReadonlyBytesTests" runstate="Runnable" seed="176749068" result="Passed" start-time="2023-03-15T17:57:10.2455702Z" end-time="2023-03-15T17:57:10.2461663Z" duration="0.000596" asserts="4" />
        <test-suite type="ParameterizedMethod" id="1013" name="NotEqualWithOtherTypes" fullname="hashes.ReadonlyBytesTests.NotEqualWithOtherTypes" classname="hashes.ReadonlyBytesTests" runstate="Runnable" testcasecount="3" result="Passed" start-time="2023-03-15T17:57:10.2461794Z" end-time="2023-03-15T17:57:10.2473520Z" duration="0.001173" total="3" passed="3" failed="0" warnings="0" inconclusive="0" skipped="0" asserts="9">
          <test-case id="1010" name="NotEqualWithOtherTypes([])" fullname="hashes.ReadonlyBytesTests.NotEqualWithOtherTypes([])" methodname="NotEqualWithOtherTypes" classname="hashes.ReadonlyBytesTests" runstate="Runnable" seed="2083970433" result="Passed" start-time="2023-03-15T17:57:10.2463698Z" end-time="2023-03-15T17:57:10.2465252Z" duration="0.000155" asserts="3" />
          <test-case id="1011" name="NotEqualWithOtherTypes([1, 2, 4])" fullname="hashes.ReadonlyBytesTests.NotEqualWithOtherTypes([1, 2, 4])" methodname="NotEqualWithOtherTypes" classname="hashes.ReadonlyBytesTests" runstate="Runnable" seed="838261402" result="Passed" start-time="2023-03-15T17:57:10.2465360Z" end-time="2023-03-15T17:57:10.2465450Z" duration="0.000009" asserts="3" />
          <test-case id="1012" name="NotEqualWithOtherTypes([byte.MinValue])" fullname="hashes.ReadonlyBytesTests.NotEqualWithOtherTypes([byte.MinValue])" methodname="NotEqualWithOtherTypes" classname="hashes.ReadonlyBytesTests" runstate="Runnable" seed="408916019" result="Passed" start-time="2023-03-15T17:57:10.2465498Z" end-time="2023-03-15T17:57:10.2465536Z" duration="0.000004" asserts="3" />
        </test-suite>
        <test-case id="1015" name="ToStringIsOverridden" fullname="hashes.ReadonlyBytesTests.ToStringIsOverridden" methodname="ToStringIsOverridden" classname="hashes.ReadonlyBytesTests" runstate="Runnable" seed="1126763767" result="Passed" start-time="2023-03-15T17:57:10.2477711Z" end-time="2023-03-15T17:57:10.2480960Z" duration="0.000325" asserts="3" />
      </test-suite>
    </test-suite>
  </test-suite>
</test-run>